# JRE version: Java(TM) SE Runtime Environment (8.0_191-b12) (build 1.8.0_191-b12)
# Java VM: Java HotSpot(TM) Client VM (25.191-b12 mixed mode windows-x86 )
Heap:
 def new generation   total 157248K, used 157247K [0x05c00000, 0x106a0000, 0x106a0000)
  eden space 139776K, 100% used [0x05c00000, 0x0e480000, 0x0e480000)
  from space 17472K,  99% used [0x0f590000, 0x1069ff98, 0x106a0000)
  to   space 17472K,   0% used [0x0e480000, 0x0e480000, 0x0f590000)
 tenured generation   total 349568K, used 349568K [0x106a0000, 0x25c00000, 0x25c00000)
   the space 349568K, 100% used [0x106a0000, 0x25c00000, 0x25c00000, 0x25c00000)
 Metaspace       used 21927K, capacity 22480K, committed 22528K, reserved 22912K
GC Heap History (10 events):
Event: 20007.235 GC heap before
{Heap before GC invocations=6112 (full 3973):
 def new generation   total 157248K, used 157247K [0x05c00000, 0x106a0000, 0x106a0000)
  eden space 139776K, 100% used [0x05c00000, 0x0e480000, 0x0e480000)
  from space 17472K,  99% used [0x0f590000, 0x1069ffe0, 0x106a0000)
  to   space 17472K,   0% used [0x0e480000, 0x0e480000, 0x0f590000)
 tenured generation   total 349568K, used 349568K [0x106a0000, 0x25c00000, 0x25c00000)
   the space 349568K, 100% used [0x106a0000, 0x25c00000, 0x25c00000, 0x25c00000)
 Metaspace       used 21927K, capacity 22480K, committed 22528K, reserved 22912K
Event: 20008.024 GC heap after
Heap after GC invocations=6113 (full 3974):
 def new generation   total 157248K, used 157247K [0x05c00000, 0x106a0000, 0x106a0000)
  eden space 139776K,  99% used [0x05c00000, 0x0e47fff0, 0x0e480000)
  from space 17472K,  99% used [0x0f590000, 0x1069ffa0, 0x106a0000)
  to   space 17472K,   0% used [0x0e480000, 0x0e480000, 0x0f590000)
 tenured generation   total 349568K, used 349568K [0x106a0000, 0x25c00000, 0x25c00000)
   the space 349568K, 100% used [0x106a0000, 0x25c00000, 0x25c00000, 0x25c00000)
 Metaspace       used 21927K, capacity 22480K, committed 22528K, reserved 22912K
}
Event: 20008.024 GC heap before
{Heap before GC invocations=6113 (full 3974):
 def new generation   total 157248K, used 157247K [0x05c00000, 0x106a0000, 0x106a0000)
  eden space 139776K,  99% used [0x05c00000, 0x0e47fff0, 0x0e480000)
  from space 17472K,  99% used [0x0f590000, 0x1069ffa0, 0x106a0000)
  to   space 17472K,   0% used [0x0e480000, 0x0e480000, 0x0f590000)
 tenured generation   total 349568K, used 349568K [0x106a0000, 0x25c00000, 0x25c00000)
   the space 349568K, 100% used [0x106a0000, 0x25c00000, 0x25c00000, 0x25c00000)
 Metaspace       used 21927K, capacity 22480K, committed 22528K, reserved 22912K
Event: 20008.748 GC heap after
Heap after GC invocations=6114 (full 3975):
 def new generation   total 157248K, used 157247K [0x05c00000, 0x106a0000, 0x106a0000)
  eden space 139776K,  99% used [0x05c00000, 0x0e47fff0, 0x0e480000)
  from space 17472K,  99% used [0x0f590000, 0x1069ffa0, 0x106a0000)
  to   space 17472K,   0% used [0x0e480000, 0x0e480000, 0x0f590000)
 tenured generation   total 349568K, used 349567K [0x106a0000, 0x25c00000, 0x25c00000)
   the space 349568K,  99% used [0x106a0000, 0x25bffff0, 0x25c00000, 0x25c00000)
 Metaspace       used 21927K, capacity 22480K, committed 22528K, reserved 22912K
}
Event: 20008.748 GC heap before
{Heap before GC invocations=6114 (full 3975):
 def new generation   total 157248K, used 157247K [0x05c00000, 0x106a0000, 0x106a0000)
  eden space 139776K, 100% used [0x05c00000, 0x0e480000, 0x0e480000)
  from space 17472K,  99% used [0x0f590000, 0x1069ffb8, 0x106a0000)
  to   space 17472K,   0% used [0x0e480000, 0x0e480000, 0x0f590000)
 tenured generation   total 349568K, used 349567K [0x106a0000, 0x25c00000, 0x25c00000)
   the space 349568K,  99% used [0x106a0000, 0x25bffff0, 0x25c00000, 0x25c00000)
 Metaspace       used 21927K, capacity 22480K, committed 22528K, reserved 22912K
Event: 20009.503 GC heap after
Heap after GC invocations=6115 (full 3976):
 def new generation   total 157248K, used 157247K [0x05c00000, 0x106a0000, 0x106a0000)
  eden space 139776K, 100% used [0x05c00000, 0x0e480000, 0x0e480000)
  from space 17472K,  99% used [0x0f590000, 0x1069ffb8, 0x106a0000)
  to   space 17472K,   0% used [0x0e480000, 0x0e480000, 0x0f590000)
 tenured generation   total 349568K, used 349567K [0x106a0000, 0x25c00000, 0x25c00000)
   the space 349568K,  99% used [0x106a0000, 0x25bffff0, 0x25c00000, 0x25c00000)
 Metaspace       used 21927K, capacity 22480K, committed 22528K, reserved 22912K
}
Event: 20009.503 GC heap before
{Heap before GC invocations=6115 (full 3976):
 def new generation   total 157248K, used 157247K [0x05c00000, 0x106a0000, 0x106a0000)
  eden space 139776K, 100% used [0x05c00000, 0x0e480000, 0x0e480000)
  from space 17472K,  99% used [0x0f590000, 0x1069ffb8, 0x106a0000)
  to   space 17472K,   0% used [0x0e480000, 0x0e480000, 0x0f590000)
 tenured generation   total 349568K, used 349567K [0x106a0000, 0x25c00000, 0x25c00000)
   the space 349568K,  99% used [0x106a0000, 0x25bffff0, 0x25c00000, 0x25c00000)
 Metaspace       used 21927K, capacity 22480K, committed 22528K, reserved 22912K
Event: 20010.225 GC heap after
Heap after GC invocations=6116 (full 3977):
 def new generation   total 157248K, used 157247K [0x05c00000, 0x106a0000, 0x106a0000)
  eden space 139776K, 100% used [0x05c00000, 0x0e480000, 0x0e480000)
  from space 17472K,  99% used [0x0f590000, 0x1069ffb8, 0x106a0000)
  to   space 17472K,   0% used [0x0e480000, 0x0e480000, 0x0f590000)
 tenured generation   total 349568K, used 349567K [0x106a0000, 0x25c00000, 0x25c00000)
   the space 349568K,  99% used [0x106a0000, 0x25bffff0, 0x25c00000, 0x25c00000)
 Metaspace       used 21927K, capacity 22480K, committed 22528K, reserved 22912K
}
Event: 20010.225 GC heap before
{Heap before GC invocations=6116 (full 3977):
 def new generation   total 157248K, used 157248K [0x05c00000, 0x106a0000, 0x106a0000)
  eden space 139776K, 100% used [0x05c00000, 0x0e480000, 0x0e480000)
  from space 17472K, 100% used [0x0f590000, 0x106a0000, 0x106a0000)
  to   space 17472K,   0% used [0x0e480000, 0x0e480000, 0x0f590000)
 tenured generation   total 349568K, used 349568K [0x106a0000, 0x25c00000, 0x25c00000)
   the space 349568K, 100% used [0x106a0000, 0x25c00000, 0x25c00000, 0x25c00000)
 Metaspace       used 21927K, capacity 22480K, committed 22528K, reserved 22912K
Event: 20010.977 GC heap after
Heap after GC invocations=6117 (full 3978):
 def new generation   total 157248K, used 157246K [0x05c00000, 0x106a0000, 0x106a0000)
  eden space 139776K,  99% used [0x05c00000, 0x0e47fff0, 0x0e480000)
  from space 17472K,  99% used [0x0f590000, 0x1069fa28, 0x106a0000)
  to   space 17472K,   0% used [0x0e480000, 0x0e480000, 0x0f590000)
 tenured generation   total 349568K, used 349568K [0x106a0000, 0x25c00000, 0x25c00000)
   the space 349568K, 100% used [0x106a0000, 0x25c00000, 0x25c00000, 0x25c00000)
 Metaspace       used 21927K, capacity 22480K, committed 22528K, reserved 22912K
}

